# Logfile created on 2026-06-08 12:52:26 +0200 by logger.rb/v1.5.3
2026-06-08 12:52:26 +0200: Memory Usage (424004K) : Starting running SG13G2 Klayout LVS runset on /home/boudi/PSESI/layout.gds
2026-06-08 12:52:26 +0200: Memory Usage (424004K) : Ruby Version for klayout: 3.2.3
2026-06-08 12:52:26 +0200: Memory Usage (425412K) : Loading database to memory is complete.
2026-06-08 12:52:26 +0200: Memory Usage (425412K) : SG13G2 Klayout LVS runset output at: /home/boudi/PSESI/lvs_run_TOP_2026_06_08_12_52_24/layout.lvsdb
2026-06-08 12:52:26 +0200: Memory Usage (425412K) : Evaluate switches.
2026-06-08 12:52:26 +0200: Memory Usage (425412K) : Extracted netlist with net names: true
2026-06-08 12:52:26 +0200: Memory Usage (425412K) : Extracted netlist with comments in details: false
2026-06-08 12:52:26 +0200: Memory Usage (425412K) : Selected NET_ONLY option: false
2026-06-08 12:52:26 +0200: Memory Usage (425412K) : Selected LAYOUT_NETLIST option: (none)
2026-06-08 12:52:26 +0200: Memory Usage (425412K) : Selected IGNORE_TOP_PORTS_MISMATCH option: 
2026-06-08 12:52:26 +0200: Memory Usage (425412K) : Selected IMPLICIT_NETS option: (none)
2026-06-08 12:52:26 +0200: Memory Usage (425412K) : Selected TOP_LVL_PINS option: false
2026-06-08 12:52:26 +0200: Memory Usage (425412K) : Selected COMBINE DEVICES option: false
2026-06-08 12:52:26 +0200: Memory Usage (425412K) : Selected PURGE option: false
2026-06-08 12:52:26 +0200: Memory Usage (425412K) : Selected PURGE_NETS option: false
2026-06-08 12:52:26 +0200: Memory Usage (425412K) : Selected SIMPLIFY option: true
2026-06-08 12:52:26 +0200: Memory Usage (425412K) : Selected SERIES_RES option: true
2026-06-08 12:52:26 +0200: Memory Usage (425412K) : Selected PARALLEL_RES option: true
2026-06-08 12:52:26 +0200: Memory Usage (425412K) : flat  mode is enabled.
2026-06-08 12:52:26 +0200: Memory Usage (426564K) : Netlist file: /home/boudi/PSESI/simulations/OTA.spice
2026-06-08 12:52:26 +0200: Memory Usage (426564K) : LVS extracted netlist at: /home/boudi/PSESI/lvs_run_TOP_2026_06_08_12_52_24/layout_extracted.cir
2026-06-08 12:52:26 +0200: Memory Usage (426564K) : Applying SRAM integration support.
2026-06-08 12:52:26 +0200: Memory Usage (426564K) : Starting SG13G2 LVS runset
2026-06-08 12:52:26 +0200: Memory Usage (426564K) : Read in polygons from layers.
2026-06-08 12:52:26 +0200: Memory Usage (427332K) : activ_drw has 11 polygons
2026-06-08 12:52:26 +0200: Memory Usage (427332K) : activ_filler has 0 polygons
2026-06-08 12:52:26 +0200: Memory Usage (427460K) : activ has 11 polygons
2026-06-08 12:52:26 +0200: Memory Usage (427460K) : activ_pin has 0 polygons
2026-06-08 12:52:26 +0200: Memory Usage (427460K) : activ_mask has 0 polygons
2026-06-08 12:52:26 +0200: Memory Usage (427460K) : activ_nofill has 0 polygons
2026-06-08 12:52:26 +0200: Memory Usage (427460K) : activ_OPC has 0 polygons
2026-06-08 12:52:26 +0200: Memory Usage (427460K) : activ_iOPC has 0 polygons
2026-06-08 12:52:26 +0200: Memory Usage (427460K) : activ_noqrc has 0 polygons
2026-06-08 12:52:26 +0200: Memory Usage (427844K) : biwind_drw has 0 polygons
2026-06-08 12:52:26 +0200: Memory Usage (427972K) : biwind_OPC has 0 polygons
2026-06-08 12:52:26 +0200: Memory Usage (427972K) : gatpoly_drw has 8 polygons
2026-06-08 12:52:26 +0200: Memory Usage (427972K) : gatpoly_filler has 0 polygons
2026-06-08 12:52:26 +0200: Memory Usage (428100K) : gatpoly has 8 polygons
2026-06-08 12:52:26 +0200: Memory Usage (428228K) : gatpoly_pin has 5 polygons
2026-06-08 12:52:26 +0200: Memory Usage (428356K) : gatpoly_nofill has 0 polygons
2026-06-08 12:52:26 +0200: Memory Usage (428484K) : gatpoly_OPC has 0 polygons
2026-06-08 12:52:26 +0200: Memory Usage (428740K) : gatpoly_iOPC has 0 polygons
2026-06-08 12:52:26 +0200: Memory Usage (428868K) : gatpoly_noqrc has 0 polygons
2026-06-08 12:52:26 +0200: Memory Usage (428996K) : cont_drw has 223 polygons
2026-06-08 12:52:26 +0200: Memory Usage (429124K) : cont_OPC has 0 polygons
2026-06-08 12:52:26 +0200: Memory Usage (429252K) : nsd_drw has 0 polygons
2026-06-08 12:52:26 +0200: Memory Usage (429380K) : nsd_block has 0 polygons
2026-06-08 12:52:26 +0200: Memory Usage (429508K) : metal1_drw has 10 polygons
2026-06-08 12:52:26 +0200: Memory Usage (429764K) : metal1_filler has 0 polygons
2026-06-08 12:52:26 +0200: Memory Usage (429892K) : metal1_slit has 0 polygons
2026-06-08 12:52:26 +0200: Memory Usage (430020K) : metal1 has 10 polygons
2026-06-08 12:52:26 +0200: Memory Usage (430148K) : metal1_pin has 15 polygons
2026-06-08 12:52:26 +0200: Memory Usage (430276K) : metal1_mask has 0 polygons
2026-06-08 12:52:26 +0200: Memory Usage (430404K) : metal1_nofill has 0 polygons
2026-06-08 12:52:26 +0200: Memory Usage (430660K) : metal1_text has 5 polygons
2026-06-08 12:52:26 +0200: Memory Usage (430788K) : metal1_OPC has 0 polygons
2026-06-08 12:52:26 +0200: Memory Usage (430916K) : metal1_noqrc has 0 polygons
2026-06-08 12:52:26 +0200: Memory Usage (431044K) : metal1_res has 0 polygons
2026-06-08 12:52:26 +0200: Memory Usage (431300K) : metal1_iprobe has 0 polygons
2026-06-08 12:52:26 +0200: Memory Usage (431428K) : metal1_diffprb has 0 polygons
2026-06-08 12:52:26 +0200: Memory Usage (431556K) : passiv_drw has 0 polygons
2026-06-08 12:52:26 +0200: Memory Usage (431684K) : passiv_pin has 0 polygons
2026-06-08 12:52:26 +0200: Memory Usage (431812K) : passiv_sbump has 0 polygons
2026-06-08 12:52:26 +0200: Memory Usage (431940K) : passiv_pillar has 0 polygons
2026-06-08 12:52:26 +0200: Memory Usage (432196K) : passiv_pdl has 0 polygons
2026-06-08 12:52:26 +0200: Memory Usage (432324K) : metal2_drw has 2 polygons
2026-06-08 12:52:26 +0200: Memory Usage (432452K) : metal2_filler has 0 polygons
2026-06-08 12:52:26 +0200: Memory Usage (432580K) : metal2_slit has 0 polygons
2026-06-08 12:52:26 +0200: Memory Usage (432708K) : metal2 has 2 polygons
2026-06-08 12:52:26 +0200: Memory Usage (432836K) : metal2_pin has 0 polygons
2026-06-08 12:52:26 +0200: Memory Usage (432964K) : metal2_mask has 0 polygons
2026-06-08 12:52:26 +0200: Memory Usage (433092K) : metal2_nofill has 0 polygons
2026-06-08 12:52:26 +0200: Memory Usage (433220K) : metal2_text has 0 polygons
2026-06-08 12:52:26 +0200: Memory Usage (433348K) : metal2_OPC has 0 polygons
2026-06-08 12:52:26 +0200: Memory Usage (433476K) : metal2_noqrc has 0 polygons
2026-06-08 12:52:26 +0200: Memory Usage (433604K) : metal2_res has 0 polygons
2026-06-08 12:52:26 +0200: Memory Usage (433732K) : metal2_iprobe has 0 polygons
2026-06-08 12:52:26 +0200: Memory Usage (433988K) : metal2_diffprb has 0 polygons
2026-06-08 12:52:26 +0200: Memory Usage (434116K) : baspoly_drw has 0 polygons
2026-06-08 12:52:26 +0200: Memory Usage (434244K) : baspoly_pin has 0 polygons
2026-06-08 12:52:26 +0200: Memory Usage (434372K) : psd_drw has 5 polygons
2026-06-08 12:52:26 +0200: Memory Usage (434500K) : nldb_drw has 0 polygons
2026-06-08 12:52:26 +0200: Memory Usage (434628K) : digibnd_drw has 0 polygons
2026-06-08 12:52:26 +0200: Memory Usage (434884K) : via1_drw has 2 polygons
2026-06-08 12:52:26 +0200: Memory Usage (435012K) : backmetal1_drw has 0 polygons
2026-06-08 12:52:26 +0200: Memory Usage (435140K) : backmetal1_pin has 0 polygons
2026-06-08 12:52:26 +0200: Memory Usage (435268K) : backmetal1_mask has 0 polygons
2026-06-08 12:52:26 +0200: Memory Usage (435396K) : backmetal1_filler has 0 polygons
2026-06-08 12:52:26 +0200: Memory Usage (435524K) : backmetal1_nofill has 0 polygons
2026-06-08 12:52:26 +0200: Memory Usage (435780K) : backmetal1_slit has 0 polygons
2026-06-08 12:52:26 +0200: Memory Usage (435780K) : backmetal1_text has 0 polygons
2026-06-08 12:52:26 +0200: Memory Usage (435908K) : backmetal1_OPC has 0 polygons
2026-06-08 12:52:26 +0200: Memory Usage (436036K) : backmetal1_noqrc has 0 polygons
2026-06-08 12:52:26 +0200: Memory Usage (436164K) : backmetal1_res has 0 polygons
2026-06-08 12:52:26 +0200: Memory Usage (436292K) : backmetal1_iprobe has 0 polygons
2026-06-08 12:52:26 +0200: Memory Usage (436420K) : backmetal1_diffprb has 0 polygons
2026-06-08 12:52:26 +0200: Memory Usage (436676K) : backpassiv_drw has 0 polygons
2026-06-08 12:52:26 +0200: Memory Usage (436804K) : res_drw has 0 polygons
2026-06-08 12:52:26 +0200: Memory Usage (436932K) : sram_drw has 0 polygons
2026-06-08 12:52:26 +0200: Memory Usage (437060K) : trans_drw has 0 polygons
2026-06-08 12:52:26 +0200: Memory Usage (437188K) : ind_drw has 0 polygons
2026-06-08 12:52:26 +0200: Memory Usage (437316K) : ind_pin has 0 polygons
2026-06-08 12:52:26 +0200: Memory Usage (437444K) : ind_text has 0 polygons
2026-06-08 12:52:26 +0200: Memory Usage (437572K) : salblock_drw has 0 polygons
2026-06-08 12:52:26 +0200: Memory Usage (437700K) : via2_drw has 2 polygons
2026-06-08 12:52:26 +0200: Memory Usage (437828K) : metal3_drw has 2 polygons
2026-06-08 12:52:26 +0200: Memory Usage (438084K) : metal3_filler has 0 polygons
2026-06-08 12:52:26 +0200: Memory Usage (438212K) : metal3_slit has 0 polygons
2026-06-08 12:52:26 +0200: Memory Usage (438340K) : metal3 has 2 polygons
2026-06-08 12:52:26 +0200: Memory Usage (438468K) : metal3_pin has 0 polygons
2026-06-08 12:52:26 +0200: Memory Usage (438596K) : metal3_mask has 0 polygons
2026-06-08 12:52:26 +0200: Memory Usage (438724K) : metal3_nofill has 0 polygons
2026-06-08 12:52:26 +0200: Memory Usage (438724K) : metal3_text has 0 polygons
2026-06-08 12:52:26 +0200: Memory Usage (438724K) : metal3_OPC has 0 polygons
2026-06-08 12:52:26 +0200: Memory Usage (438852K) : metal3_noqrc has 0 polygons
2026-06-08 12:52:26 +0200: Memory Usage (438980K) : metal3_res has 0 polygons
2026-06-08 12:52:26 +0200: Memory Usage (439108K) : metal3_iprobe has 0 polygons
2026-06-08 12:52:26 +0200: Memory Usage (439364K) : metal3_diffprb has 0 polygons
2026-06-08 12:52:26 +0200: Memory Usage (439492K) : nwell_drw has 1 polygons
2026-06-08 12:52:26 +0200: Memory Usage (439620K) : nwell_pin has 0 polygons
2026-06-08 12:52:26 +0200: Memory Usage (439748K) : nwell_text has 0 polygons
2026-06-08 12:52:26 +0200: Memory Usage (439876K) : nbulay_drw has 0 polygons
2026-06-08 12:52:26 +0200: Memory Usage (440004K) : nbulay_pin has 0 polygons
2026-06-08 12:52:26 +0200: Memory Usage (440132K) : nbulay_block has 0 polygons
2026-06-08 12:52:26 +0200: Memory Usage (440260K) : emwind_drw has 0 polygons
2026-06-08 12:52:26 +0200: Memory Usage (440388K) : emwind_OPC has 0 polygons
2026-06-08 12:52:26 +0200: Memory Usage (440644K) : deepco_drw has 0 polygons
2026-06-08 12:52:26 +0200: Memory Usage (440772K) : mim_drw has 1 polygons
2026-06-08 12:52:26 +0200: Memory Usage (440900K) : edgeseal_drw has 0 polygons
2026-06-08 12:52:26 +0200: Memory Usage (441028K) : substrate_drw has 4 polygons
2026-06-08 12:52:26 +0200: Memory Usage (441156K) : substrate_text has 0 polygons
2026-06-08 12:52:26 +0200: Memory Usage (441284K) : dfpad_drw has 0 polygons
2026-06-08 12:52:26 +0200: Memory Usage (441412K) : dfpad_pillar has 0 polygons
2026-06-08 12:52:26 +0200: Memory Usage (441540K) : dfpad_sbump has 0 polygons
2026-06-08 12:52:26 +0200: Memory Usage (441668K) : thickgateox_drw has 0 polygons
2026-06-08 12:52:26 +0200: Memory Usage (441924K) : pldb_drw has 0 polygons
2026-06-08 12:52:26 +0200: Memory Usage (442052K) : pwell_drw has 0 polygons
2026-06-08 12:52:26 +0200: Memory Usage (442180K) : pwell_pin has 0 polygons
2026-06-08 12:52:26 +0200: Memory Usage (442308K) : pwell_block has 0 polygons
2026-06-08 12:52:26 +0200: Memory Usage (442436K) : ic_drw has 0 polygons
2026-06-08 12:52:26 +0200: Memory Usage (442564K) : via3_drw has 2 polygons
2026-06-08 12:52:26 +0200: Memory Usage (442820K) : metal4_drw has 2 polygons
2026-06-08 12:52:26 +0200: Memory Usage (442948K) : metal4_filler has 0 polygons
2026-06-08 12:52:26 +0200: Memory Usage (443076K) : metal4_slit has 0 polygons
2026-06-08 12:52:26 +0200: Memory Usage (443204K) : metal4 has 2 polygons
2026-06-08 12:52:26 +0200: Memory Usage (443332K) : metal4_pin has 0 polygons
2026-06-08 12:52:26 +0200: Memory Usage (443460K) : metal4_mask has 0 polygons
2026-06-08 12:52:26 +0200: Memory Usage (443588K) : metal4_nofill has 0 polygons
2026-06-08 12:52:26 +0200: Memory Usage (443716K) : metal4_text has 0 polygons
2026-06-08 12:52:26 +0200: Memory Usage (443844K) : metal4_OPC has 0 polygons
2026-06-08 12:52:26 +0200: Memory Usage (443972K) : metal4_noqrc has 0 polygons
2026-06-08 12:52:26 +0200: Memory Usage (444228K) : metal4_res has 0 polygons
2026-06-08 12:52:26 +0200: Memory Usage (444228K) : metal4_iprobe has 0 polygons
2026-06-08 12:52:26 +0200: Memory Usage (444356K) : metal4_diffprb has 0 polygons
2026-06-08 12:52:26 +0200: Memory Usage (444484K) : heattrans_drw has 16 polygons
2026-06-08 12:52:26 +0200: Memory Usage (444612K) : heatres_drw has 0 polygons
2026-06-08 12:52:26 +0200: Memory Usage (444740K) : fbe_drw has 0 polygons
2026-06-08 12:52:26 +0200: Memory Usage (444868K) : empoly_drw has 0 polygons
2026-06-08 12:52:26 +0200: Memory Usage (444996K) : digisub_drw has 0 polygons
2026-06-08 12:52:26 +0200: Memory Usage (444996K) : text_drw has 10 polygons
2026-06-08 12:52:26 +0200: Memory Usage (445124K) : via4_drw has 2 polygons
2026-06-08 12:52:26 +0200: Memory Usage (445252K) : metal5_drw has 2 polygons
2026-06-08 12:52:26 +0200: Memory Usage (445380K) : metal5_filler has 0 polygons
2026-06-08 12:52:26 +0200: Memory Usage (445508K) : metal5_slit has 0 polygons
2026-06-08 12:52:26 +0200: Memory Usage (445636K) : metal5 has 2 polygons
2026-06-08 12:52:26 +0200: Memory Usage (445764K) : metal5_pin has 0 polygons
2026-06-08 12:52:26 +0200: Memory Usage (445892K) : metal5_mask has 0 polygons
2026-06-08 12:52:26 +0200: Memory Usage (446020K) : metal5_nofill has 0 polygons
2026-06-08 12:52:26 +0200: Memory Usage (446020K) : metal5_text has 0 polygons
2026-06-08 12:52:26 +0200: Memory Usage (446148K) : metal5_OPC has 0 polygons
2026-06-08 12:52:26 +0200: Memory Usage (446276K) : metal5_noqrc has 0 polygons
2026-06-08 12:52:26 +0200: Memory Usage (446404K) : metal5_res has 0 polygons
2026-06-08 12:52:26 +0200: Memory Usage (446532K) : metal5_iprobe has 0 polygons
2026-06-08 12:52:26 +0200: Memory Usage (446660K) : metal5_diffprb has 0 polygons
2026-06-08 12:52:26 +0200: Memory Usage (446660K) : radhard_drw has 0 polygons
2026-06-08 12:52:26 +0200: Memory Usage (446660K) : memcap_drw has 0 polygons
2026-06-08 12:52:26 +0200: Memory Usage (446660K) : varicap_drw has 0 polygons
2026-06-08 12:52:26 +0200: Memory Usage (446660K) : intbondvia_drw has 0 polygons
2026-06-08 12:52:26 +0200: Memory Usage (446660K) : intbondmet_drw has 0 polygons
2026-06-08 12:52:26 +0200: Memory Usage (446660K) : devbondvia_drw has 0 polygons
2026-06-08 12:52:26 +0200: Memory Usage (446660K) : devbondmet_drw has 0 polygons
2026-06-08 12:52:26 +0200: Memory Usage (446660K) : devtrench_drw has 0 polygons
2026-06-08 12:52:26 +0200: Memory Usage (446660K) : redist_drw has 0 polygons
2026-06-08 12:52:26 +0200: Memory Usage (446660K) : graphbot_drw has 0 polygons
2026-06-08 12:52:26 +0200: Memory Usage (446660K) : graphtop_drw has 0 polygons
2026-06-08 12:52:26 +0200: Memory Usage (446660K) : antvia1_drw has 0 polygons
2026-06-08 12:52:26 +0200: Memory Usage (446660K) : antmetal2_drw has 0 polygons
2026-06-08 12:52:26 +0200: Memory Usage (446660K) : graphcont_drw has 0 polygons
2026-06-08 12:52:26 +0200: Memory Usage (446660K) : siwg_drw has 0 polygons
2026-06-08 12:52:26 +0200: Memory Usage (446660K) : siwg_filler has 0 polygons
2026-06-08 12:52:26 +0200: Memory Usage (446660K) : siwg_nofill has 0 polygons
2026-06-08 12:52:26 +0200: Memory Usage (446660K) : sigrating_drw has 0 polygons
2026-06-08 12:52:26 +0200: Memory Usage (446660K) : singrating_drw has 0 polygons
2026-06-08 12:52:26 +0200: Memory Usage (446660K) : graphpas_drw has 0 polygons
2026-06-08 12:52:26 +0200: Memory Usage (446660K) : emwind3_drw has 0 polygons
2026-06-08 12:52:26 +0200: Memory Usage (446660K) : emwihv3_drw has 0 polygons
2026-06-08 12:52:26 +0200: Memory Usage (446660K) : redbulay_drw has 0 polygons
2026-06-08 12:52:26 +0200: Memory Usage (446788K) : smos_drw has 0 polygons
2026-06-08 12:52:26 +0200: Memory Usage (446788K) : graphpad_drw has 0 polygons
2026-06-08 12:52:26 +0200: Memory Usage (446788K) : polimide_drw has 0 polygons
2026-06-08 12:52:26 +0200: Memory Usage (446788K) : polimide_pin has 0 polygons
2026-06-08 12:52:26 +0200: Memory Usage (446788K) : recog_drw has 0 polygons
2026-06-08 12:52:26 +0200: Memory Usage (446788K) : recog_pin has 0 polygons
2026-06-08 12:52:26 +0200: Memory Usage (446788K) : recog_esd has 0 polygons
2026-06-08 12:52:26 +0200: Memory Usage (446788K) : recog_diode has 0 polygons
2026-06-08 12:52:26 +0200: Memory Usage (446788K) : recog_tsv has 0 polygons
2026-06-08 12:52:26 +0200: Memory Usage (446788K) : recog_iprobe has 0 polygons
2026-06-08 12:52:26 +0200: Memory Usage (446788K) : recog_diffprb has 0 polygons
2026-06-08 12:52:26 +0200: Memory Usage (446788K) : recog_pillar has 0 polygons
2026-06-08 12:52:26 +0200: Memory Usage (446788K) : recog_sbump has 0 polygons
2026-06-08 12:52:26 +0200: Memory Usage (446788K) : recog_otp has 0 polygons
2026-06-08 12:52:26 +0200: Memory Usage (446788K) : recog_pdiode has 0 polygons
2026-06-08 12:52:26 +0200: Memory Usage (446788K) : recog_mom has 0 polygons
2026-06-08 12:52:26 +0200: Memory Usage (446788K) : recog_pcm has 0 polygons
2026-06-08 12:52:26 +0200: Memory Usage (446788K) : colopen_drw has 0 polygons
2026-06-08 12:52:26 +0200: Memory Usage (446788K) : graphmetal1_drw has 0 polygons
2026-06-08 12:52:26 +0200: Memory Usage (446788K) : graphmetal1_filler has 0 polygons
2026-06-08 12:52:26 +0200: Memory Usage (446788K) : graphmetal1_nofill has 0 polygons
2026-06-08 12:52:26 +0200: Memory Usage (446916K) : graphmetal1_slit has 0 polygons
2026-06-08 12:52:26 +0200: Memory Usage (447044K) : graphmetal1_OPC has 0 polygons
2026-06-08 12:52:26 +0200: Memory Usage (447172K) : graphmet1l_drw has 0 polygons
2026-06-08 12:52:26 +0200: Memory Usage (447172K) : graphmet1l_filler has 0 polygons
2026-06-08 12:52:26 +0200: Memory Usage (447172K) : graphmet1l_nofill has 0 polygons
2026-06-08 12:52:26 +0200: Memory Usage (447172K) : graphmet1l_slit has 0 polygons
2026-06-08 12:52:26 +0200: Memory Usage (447172K) : graphmet1l_OPC has 0 polygons
2026-06-08 12:52:26 +0200: Memory Usage (447172K) : extblock_drw has 0 polygons
2026-06-08 12:52:26 +0200: Memory Usage (447172K) : nldd_drw has 0 polygons
2026-06-08 12:52:26 +0200: Memory Usage (447172K) : pldd_drw has 0 polygons
2026-06-08 12:52:26 +0200: Memory Usage (447172K) : next_drw has 0 polygons
2026-06-08 12:52:26 +0200: Memory Usage (447172K) : pext_drw has 0 polygons
2026-06-08 12:52:26 +0200: Memory Usage (447172K) : nexthv_drw has 0 polygons
2026-06-08 12:52:26 +0200: Memory Usage (447172K) : pexthv_drw has 0 polygons
2026-06-08 12:52:26 +0200: Memory Usage (447172K) : graphgate_drw has 0 polygons
2026-06-08 12:52:26 +0200: Memory Usage (447172K) : sinwg_drw has 0 polygons
2026-06-08 12:52:26 +0200: Memory Usage (447172K) : sinwg_filler has 0 polygons
2026-06-08 12:52:26 +0200: Memory Usage (447172K) : sinwg_nofill has 0 polygons
2026-06-08 12:52:26 +0200: Memory Usage (447172K) : mempad_drw has 0 polygons
2026-06-08 12:52:26 +0200: Memory Usage (447172K) : topvia1_drw has 122 polygons
2026-06-08 12:52:26 +0200: Memory Usage (447172K) : topmetal1_drw has 1 polygons
2026-06-08 12:52:26 +0200: Memory Usage (447172K) : topmetal1_filler has 0 polygons
2026-06-08 12:52:26 +0200: Memory Usage (447172K) : topmetal1_slit has 0 polygons
2026-06-08 12:52:26 +0200: Memory Usage (447172K) : topmetal1 has 1 polygons
2026-06-08 12:52:26 +0200: Memory Usage (447172K) : topmetal1_pin has 0 polygons
2026-06-08 12:52:26 +0200: Memory Usage (447172K) : topmetal1_mask has 0 polygons
2026-06-08 12:52:26 +0200: Memory Usage (447172K) : topmetal1_nofill has 0 polygons
2026-06-08 12:52:26 +0200: Memory Usage (447172K) : topmetal1_text has 0 polygons
2026-06-08 12:52:26 +0200: Memory Usage (447172K) : topmetal1_noqrc has 0 polygons
2026-06-08 12:52:26 +0200: Memory Usage (447172K) : topmetal1_res has 0 polygons
2026-06-08 12:52:26 +0200: Memory Usage (447172K) : topmetal1_iprobe has 0 polygons
2026-06-08 12:52:26 +0200: Memory Usage (447172K) : topmetal1_diffprb has 0 polygons
2026-06-08 12:52:26 +0200: Memory Usage (447172K) : inldpwl_drw has 0 polygons
2026-06-08 12:52:26 +0200: Memory Usage (447172K) : polyres_drw has 0 polygons
2026-06-08 12:52:26 +0200: Memory Usage (447172K) : polyres_pin has 0 polygons
2026-06-08 12:52:26 +0200: Memory Usage (447172K) : vmim_drw has 0 polygons
2026-06-08 12:52:26 +0200: Memory Usage (447172K) : nbulaycut_drw has 0 polygons
2026-06-08 12:52:26 +0200: Memory Usage (447172K) : antmetal1_drw has 0 polygons
2026-06-08 12:52:26 +0200: Memory Usage (447172K) : topvia2_drw has 0 polygons
2026-06-08 12:52:26 +0200: Memory Usage (447172K) : topmetal2_drw has 0 polygons
2026-06-08 12:52:26 +0200: Memory Usage (447172K) : topmetal2_filler has 0 polygons
2026-06-08 12:52:26 +0200: Memory Usage (447172K) : topmetal2_slit has 0 polygons
2026-06-08 12:52:26 +0200: Memory Usage (447172K) : topmetal2 has 0 polygons
2026-06-08 12:52:26 +0200: Memory Usage (447172K) : topmetal2_pin has 0 polygons
2026-06-08 12:52:26 +0200: Memory Usage (447172K) : topmetal2_mask has 0 polygons
2026-06-08 12:52:26 +0200: Memory Usage (447172K) : topmetal2_nofill has 0 polygons
2026-06-08 12:52:26 +0200: Memory Usage (447172K) : topmetal2_text has 0 polygons
2026-06-08 12:52:26 +0200: Memory Usage (447172K) : topmetal2_noqrc has 0 polygons
2026-06-08 12:52:26 +0200: Memory Usage (447172K) : topmetal2_res has 0 polygons
2026-06-08 12:52:27 +0200: Memory Usage (442668K) : topmetal2_iprobe has 0 polygons
2026-06-08 12:52:27 +0200: Memory Usage (442668K) : topmetal2_diffprb has 0 polygons
2026-06-08 12:52:27 +0200: Memory Usage (442668K) : snsring_drw has 0 polygons
2026-06-08 12:52:27 +0200: Memory Usage (442668K) : sensor_drw has 0 polygons
2026-06-08 12:52:27 +0200: Memory Usage (442668K) : snsarms_drw has 0 polygons
2026-06-08 12:52:27 +0200: Memory Usage (442668K) : snscmosvia_drw has 0 polygons
2026-06-08 12:52:27 +0200: Memory Usage (442668K) : colwind_drw has 0 polygons
2026-06-08 12:52:27 +0200: Memory Usage (442668K) : flm_drw has 0 polygons
2026-06-08 12:52:27 +0200: Memory Usage (442668K) : hafniumox_drw has 0 polygons
2026-06-08 12:52:27 +0200: Memory Usage (442668K) : memvia_drw has 0 polygons
2026-06-08 12:52:27 +0200: Memory Usage (442668K) : thinfilmres_drw has 0 polygons
2026-06-08 12:52:27 +0200: Memory Usage (442668K) : rfmem_drw has 0 polygons
2026-06-08 12:52:27 +0200: Memory Usage (442668K) : norcx_drw has 0 polygons
2026-06-08 12:52:27 +0200: Memory Usage (442668K) : norcx_m2m3 has 0 polygons
2026-06-08 12:52:27 +0200: Memory Usage (442668K) : norcx_m2m4 has 0 polygons
2026-06-08 12:52:27 +0200: Memory Usage (442668K) : norcx_m2m5 has 0 polygons
2026-06-08 12:52:27 +0200: Memory Usage (442668K) : norcx_m2tm1 has 0 polygons
2026-06-08 12:52:27 +0200: Memory Usage (442668K) : norcx_m2tm2 has 0 polygons
2026-06-08 12:52:27 +0200: Memory Usage (442668K) : norcx_m3m4 has 0 polygons
2026-06-08 12:52:27 +0200: Memory Usage (442668K) : norcx_m3m5 has 0 polygons
2026-06-08 12:52:27 +0200: Memory Usage (442668K) : norcx_m3tm1 has 0 polygons
2026-06-08 12:52:27 +0200: Memory Usage (442668K) : norcx_m3tm2 has 0 polygons
2026-06-08 12:52:27 +0200: Memory Usage (442668K) : norcx_m4m5 has 0 polygons
2026-06-08 12:52:27 +0200: Memory Usage (442668K) : norcx_m4tm1 has 0 polygons
2026-06-08 12:52:27 +0200: Memory Usage (442668K) : norcx_m4tm2 has 0 polygons
2026-06-08 12:52:27 +0200: Memory Usage (442668K) : norcx_m5tm1 has 0 polygons
2026-06-08 12:52:27 +0200: Memory Usage (442668K) : norcx_m5tm2 has 0 polygons
2026-06-08 12:52:27 +0200: Memory Usage (442668K) : norcx_tm1tm2 has 0 polygons
2026-06-08 12:52:27 +0200: Memory Usage (442668K) : norcx_m1sub has 0 polygons
2026-06-08 12:52:27 +0200: Memory Usage (442668K) : norcx_m2sub has 0 polygons
2026-06-08 12:52:27 +0200: Memory Usage (442668K) : norcx_m3sub has 0 polygons
2026-06-08 12:52:27 +0200: Memory Usage (442668K) : norcx_m4sub has 0 polygons
2026-06-08 12:52:27 +0200: Memory Usage (442668K) : norcx_m5sub has 0 polygons
2026-06-08 12:52:27 +0200: Memory Usage (442668K) : norcx_tm1sub has 0 polygons
2026-06-08 12:52:27 +0200: Memory Usage (442668K) : norcx_tm2sub has 0 polygons
2026-06-08 12:52:27 +0200: Memory Usage (442668K) : snsbotvia_drw has 0 polygons
2026-06-08 12:52:27 +0200: Memory Usage (442668K) : snstopvia_drw has 0 polygons
2026-06-08 12:52:27 +0200: Memory Usage (442668K) : deepvia_drw has 0 polygons
2026-06-08 12:52:27 +0200: Memory Usage (442668K) : fgetch_drw has 0 polygons
2026-06-08 12:52:27 +0200: Memory Usage (442668K) : ctrgat_drw has 0 polygons
2026-06-08 12:52:27 +0200: Memory Usage (442668K) : fgimp_drw has 0 polygons
2026-06-08 12:52:27 +0200: Memory Usage (442668K) : emwihv_drw has 0 polygons
2026-06-08 12:52:27 +0200: Memory Usage (442668K) : lbe_drw has 0 polygons
2026-06-08 12:52:27 +0200: Memory Usage (442668K) : alcustop_drw has 0 polygons
2026-06-08 12:52:27 +0200: Memory Usage (442668K) : nometfiller_drw has 0 polygons
2026-06-08 12:52:27 +0200: Memory Usage (442668K) : prboundary_drw has 0 polygons
2026-06-08 12:52:27 +0200: Memory Usage (442668K) : exchange0_drw has 0 polygons
2026-06-08 12:52:27 +0200: Memory Usage (442668K) : exchange0_pin has 0 polygons
2026-06-08 12:52:27 +0200: Memory Usage (442668K) : exchange0_text has 0 polygons
2026-06-08 12:52:27 +0200: Memory Usage (442668K) : exchange1_drw has 0 polygons
2026-06-08 12:52:27 +0200: Memory Usage (442668K) : exchange1_pin has 0 polygons
2026-06-08 12:52:27 +0200: Memory Usage (442668K) : exchange1_text has 0 polygons
2026-06-08 12:52:27 +0200: Memory Usage (442668K) : exchange2_drw has 0 polygons
2026-06-08 12:52:27 +0200: Memory Usage (442668K) : exchange2_pin has 0 polygons
2026-06-08 12:52:27 +0200: Memory Usage (442668K) : exchange2_text has 0 polygons
2026-06-08 12:52:27 +0200: Memory Usage (442668K) : exchange3_drw has 0 polygons
2026-06-08 12:52:27 +0200: Memory Usage (442668K) : exchange3_pin has 0 polygons
2026-06-08 12:52:27 +0200: Memory Usage (442668K) : exchange3_text has 0 polygons
2026-06-08 12:52:27 +0200: Memory Usage (442668K) : exchange4_drw has 0 polygons
2026-06-08 12:52:27 +0200: Memory Usage (442668K) : exchange4_pin has 0 polygons
2026-06-08 12:52:27 +0200: Memory Usage (442668K) : exchange4_text has 0 polygons
2026-06-08 12:52:27 +0200: Memory Usage (442668K) : isonwell_drw has 0 polygons
2026-06-08 12:52:27 +0200: Memory Usage (442668K) : Total no. of polygons in the design is 453
2026-06-08 12:52:27 +0200: Memory Usage (442668K) : Starting base layers derivations
2026-06-08 12:52:27 +0200: Memory Usage (442668K) : Starting general LVS derivations
2026-06-08 12:52:27 +0200: Memory Usage (443948K) : Starting MOSFET DERIVATIONS
2026-06-08 12:52:27 +0200: Memory Usage (444076K) : Starting NMOS DERIVATIONS
2026-06-08 12:52:27 +0200: Memory Usage (444076K) : Starting PMOS DERIVATIONS
2026-06-08 12:52:27 +0200: Memory Usage (444076K) : Starting RF-MOSFET DERIVATIONS
2026-06-08 12:52:27 +0200: Memory Usage (444076K) : Starting RF-NMOS DERIVATIONS
2026-06-08 12:52:27 +0200: Memory Usage (444332K) : Starting RF-PMOS DERIVATIONS
2026-06-08 12:52:27 +0200: Memory Usage (444332K) : Starting BJT DERIVATIONS
2026-06-08 12:52:27 +0200: Memory Usage (444332K) : Starting NPN-BJT DERIVATIONS
2026-06-08 12:52:27 +0200: Memory Usage (450220K) : Starting PNP-BJT DERIVATIONS
2026-06-08 12:52:27 +0200: Memory Usage (451628K) : Starting DIODE DERIVATIONS
2026-06-08 12:52:27 +0200: Memory Usage (453292K) : Starting RESISTOR DERIVATIONS
2026-06-08 12:52:27 +0200: Memory Usage (453292K) : Starting CAP DERIVATIONS
2026-06-08 12:52:27 +0200: Memory Usage (453292K) : Starting ESD DERIVATIONS
2026-06-08 12:52:27 +0200: Memory Usage (444076K) : Starting Inductor DERIVATIONS
2026-06-08 12:52:27 +0200: Memory Usage (444076K) : Starting Taps DERIVATIONS
2026-06-08 12:52:27 +0200: Memory Usage (444076K) : Starting SG13G2 LVS connectivity setup
2026-06-08 12:52:27 +0200: Memory Usage (444076K) : Starting SG13G2 LVS connectivity setup (Inter-layer)
2026-06-08 12:52:27 +0200: Memory Usage (444844K) : Starting SG13G2 LVS connectivity setup (Global)
2026-06-08 12:52:27 +0200: Memory Usage (444844K) : Starting LVS MOSFET CONNECTIONS
2026-06-08 12:52:27 +0200: Memory Usage (444844K) : Starting LVS RF-MOSFET CONNECTIONS
2026-06-08 12:52:27 +0200: Memory Usage (444844K) : Starting LVS BJT CONNECTIONS
2026-06-08 12:52:27 +0200: Memory Usage (444844K) : Starting LVS DIODE CONNECTIONS
2026-06-08 12:52:27 +0200: Memory Usage (444844K) : Starting RESISTOR CONNECTIONS
2026-06-08 12:52:27 +0200: Memory Usage (444844K) : Starting LVS CAP CONNECTIONS
2026-06-08 12:52:27 +0200: Memory Usage (444844K) : Starting ESD CONNECTIONS
2026-06-08 12:52:27 +0200: Memory Usage (444844K) : Starting Inductor CONNECTIONS
2026-06-08 12:52:27 +0200: Memory Usage (444844K) : Starting LVS Taps CONNECTIONS
2026-06-08 12:52:27 +0200: Memory Usage (444844K) : Starting SG13G2 LVS DEVICES EXTRACTION
2026-06-08 12:52:27 +0200: Memory Usage (444844K) : Starting MOSFET EXTRACTION
2026-06-08 12:52:27 +0200: Memory Usage (444844K) : Starting NMOS EXTRACTION
2026-06-08 12:52:27 +0200: Memory Usage (444844K) : Extraction of NMOS-LV transistor
2026-06-08 12:52:27 +0200: Memory Usage (445228K) : Extraction of NMOS-HV transistor
2026-06-08 12:52:27 +0200: Memory Usage (445228K) : Starting PMOS EXTRACTION
2026-06-08 12:52:27 +0200: Memory Usage (445228K) : Extraction of PMOS-LV transistor
2026-06-08 12:52:27 +0200: Memory Usage (445228K) : Extraction of PMOS-HV transistor
2026-06-08 12:52:27 +0200: Memory Usage (445228K) : Starting RF-MOSFET EXTRACTION
2026-06-08 12:52:27 +0200: Memory Usage (445228K) : Extraction of RF-NMOS-LV transistor
2026-06-08 12:52:27 +0200: Memory Usage (445228K) : Extraction of RF-NMOS-HV transistor
2026-06-08 12:52:27 +0200: Memory Usage (445228K) : Extraction of RF-PMOS-LV transistor
2026-06-08 12:52:27 +0200: Memory Usage (445228K) : Extraction of RF-PMOS-HV transistor
2026-06-08 12:52:27 +0200: Memory Usage (445228K) : Starting BJT EXTRACTION
2026-06-08 12:52:27 +0200: Memory Usage (445228K) : Starting NPN-BJT EXTRACTION
2026-06-08 12:52:27 +0200: Memory Usage (445228K) : Extraction of npn13G2 BJT transistor
2026-06-08 12:52:27 +0200: Memory Usage (445228K) : Extraction of npn13G2L BJT transistor
2026-06-08 12:52:27 +0200: Memory Usage (445228K) : Extraction of npn13G2V BJT transistor
2026-06-08 12:52:27 +0200: Memory Usage (445228K) : Starting PNP-BJT EXTRACTION
2026-06-08 12:52:27 +0200: Memory Usage (445228K) : Extracting pnpMPA BJT
2026-06-08 12:52:27 +0200: Memory Usage (445228K) : Starting DIODE EXTRACTION
2026-06-08 12:52:27 +0200: Memory Usage (445228K) : Extracting dantenna diode
2026-06-08 12:52:27 +0200: Memory Usage (445228K) : Extracting dpantenna diode
2026-06-08 12:52:27 +0200: Memory Usage (445228K) : Extracting schottky_nbl1 diode
2026-06-08 12:52:27 +0200: Memory Usage (445228K) : Extracting isolbox diode
2026-06-08 12:52:27 +0200: Memory Usage (445228K) : Starting RESISTOR EXTRACTION
2026-06-08 12:52:27 +0200: Memory Usage (445228K) : Extracting rsil resistor
2026-06-08 12:52:27 +0200: Memory Usage (445228K) : Extracting rppd resistor
2026-06-08 12:52:27 +0200: Memory Usage (445228K) : Extracting rhigh resistor
2026-06-08 12:52:27 +0200: Memory Usage (445228K) : Extracting res_metal1 resistor
2026-06-08 12:52:27 +0200: Memory Usage (445228K) : Extracting res_metal2 resistor
2026-06-08 12:52:27 +0200: Memory Usage (445228K) : Extracting res_metal3 resistor
2026-06-08 12:52:27 +0200: Memory Usage (445228K) : Extracting res_metal4 resistor
2026-06-08 12:52:27 +0200: Memory Usage (445228K) : Extracting res_metal5 resistor
2026-06-08 12:52:27 +0200: Memory Usage (445228K) : Extracting res_topmetal1 resistor
2026-06-08 12:52:27 +0200: Memory Usage (445228K) : Extracting res_topmetal2 resistor
2026-06-08 12:52:27 +0200: Memory Usage (445228K) : Starting CAP EXTRACTION
2026-06-08 12:52:27 +0200: Memory Usage (445228K) : Extracting cap_cmim device
2026-06-08 12:52:27 +0200: Memory Usage (445228K) : Extracting rfcmim device
2026-06-08 12:52:27 +0200: Memory Usage (445228K) : Extracting sg13_hv_svaricap varactor
2026-06-08 12:52:27 +0200: Memory Usage (445228K) : Starting ESD EXTRACTION
2026-06-08 12:52:27 +0200: Memory Usage (445228K) : Extracting diodevdd_2kv ESD device
2026-06-08 12:52:27 +0200: Memory Usage (445228K) : Extracting diodevdd_4kv ESD device
2026-06-08 12:52:27 +0200: Memory Usage (445228K) : Extracting diodevss_2kv ESD device
2026-06-08 12:52:27 +0200: Memory Usage (445228K) : Extracting diodevss_4kv ESD device
2026-06-08 12:52:27 +0200: Memory Usage (445228K) : Extracting idiodevdd_2kv ESD device
2026-06-08 12:52:27 +0200: Memory Usage (445228K) : Extracting idiodevdd_4kv ESD device
2026-06-08 12:52:27 +0200: Memory Usage (445228K) : Extracting idiodevss_2kv ESD device
2026-06-08 12:52:27 +0200: Memory Usage (445228K) : Extracting idiodevss_4kv ESD device
2026-06-08 12:52:27 +0200: Memory Usage (445228K) : Extracting nmoscl_2 ESD device
2026-06-08 12:52:27 +0200: Memory Usage (445228K) : Extracting nmoscl_4 ESD device
2026-06-08 12:52:27 +0200: Memory Usage (445228K) : Starting Inductor EXTRACTION
2026-06-08 12:52:27 +0200: Memory Usage (445228K) : Extracting Inductor2 device
2026-06-08 12:52:27 +0200: Memory Usage (445228K) : Extracting Inductor3 device
2026-06-08 12:52:27 +0200: Memory Usage (445228K) : Starting Taps EXTRACTION
2026-06-08 12:52:27 +0200: Memory Usage (445228K) : Extracting ntap1 device
2026-06-08 12:52:27 +0200: Memory Usage (445228K) : Extracting ptap1 device
2026-06-08 12:52:27 +0200: Memory Usage (445228K) : Starting SG13G2 LVS RF MOS Model Mapping
2026-06-08 12:52:27 +0200: Memory Usage (445356K) : [layout_netlist] Apply RF MOS model mapping and rfmode parameter.
2026-06-08 12:52:27 +0200: Memory Usage (445356K) : Starting SG13G2 LVS Options Preparations
2026-06-08 12:52:27 +0200: Memory Usage (445356K) : SG13G2 LVS flow: extraction -> alignment -> option preparation -> comparison.
2026-06-08 12:52:27 +0200: Memory Usage (445356K) : Starting SG13G2 LVS Alignment
2026-06-08 12:52:27 +0200: Memory Usage (445484K) : Starting SG13G2 LVS Simplification
2026-06-08 12:52:27 +0200: Memory Usage (445484K) : [layout_netlist] simplify: ENABLED
2026-06-08 12:52:27 +0200: Memory Usage (445484K) : [layout_netlist] make_top_level_pins: SKIPPED
2026-06-08 12:52:27 +0200: Memory Usage (445484K) : [layout_netlist] combine_devices: SKIPPED
2026-06-08 12:52:27 +0200: Memory Usage (445484K) : [layout_netlist] purge: SKIPPED
2026-06-08 12:52:27 +0200: Memory Usage (445484K) : [layout_netlist] purge_nets: SKIPPED
2026-06-08 12:52:27 +0200: Memory Usage (445484K) : [schematic_netlist] simplify: ENABLED
2026-06-08 12:52:27 +0200: Memory Usage (445484K) : [schematic_netlist] make_top_level_pins: SKIPPED
2026-06-08 12:52:27 +0200: Memory Usage (445484K) : [schematic_netlist] combine_devices: SKIPPED
2026-06-08 12:52:27 +0200: Memory Usage (445484K) : [schematic_netlist] purge: SKIPPED
2026-06-08 12:52:27 +0200: Memory Usage (445484K) : [schematic_netlist] purge_nets: SKIPPED
2026-06-08 12:52:27 +0200: Memory Usage (445484K) : Starting SG13G2 LVS Comparison in strict port mode.
2026-06-08 12:52:27 +0200: Memory Usage (445484K) : flag_missing_ports enabled: missing/mislabeled top-level ports are treated as errors.
2026-06-08 12:52:27 +0200: Memory Usage (445612K) : ==========================================
2026-06-08 12:52:27 +0200: Memory Usage (445612K) : INFO : Congratulations! Netlists match.
2026-06-08 12:52:27 +0200: Memory Usage (445612K) : ==========================================
2026-06-08 12:52:27 +0200: Memory Usage (445612K) : LVS Total Run time 1.159155 seconds
